# Logfile created on 2012-01-30 16:41:23 -0600 by logger.rb/25413
REQUESTING PAGE: GET / with {} and HTTP headers {}
REQUESTING PAGE: GET http://www.example.com/about with {} and HTTP headers {"HTTP_REFERER"=>"/"}
REQUESTING PAGE: GET http://www.example.com/help with {} and HTTP headers {"HTTP_REFERER"=>"http://www.example.com/about"}
REQUESTING PAGE: GET http://www.example.com/contact with {} and HTTP headers {"HTTP_REFERER"=>"http://www.example.com/help"}
REQUESTING PAGE: GET http://www.example.com/ with {} and HTTP headers {"HTTP_REFERER"=>"http://www.example.com/contact"}
REQUESTING PAGE: GET http://www.example.com/signup with {} and HTTP headers {"HTTP_REFERER"=>"http://www.example.com/"}
REQUESTING PAGE: GET / with {} and HTTP headers {}
REQUESTING PAGE: GET http://www.example.com/about with {} and HTTP headers {"HTTP_REFERER"=>"/"}
REQUESTING PAGE: GET http://www.example.com/help with {} and HTTP headers {"HTTP_REFERER"=>"http://www.example.com/about"}
REQUESTING PAGE: GET http://www.example.com/contact with {} and HTTP headers {"HTTP_REFERER"=>"http://www.example.com/help"}
REQUESTING PAGE: GET http://www.example.com/ with {} and HTTP headers {"HTTP_REFERER"=>"http://www.example.com/contact"}
REQUESTING PAGE: GET http://www.example.com/signup with {} and HTTP headers {"HTTP_REFERER"=>"http://www.example.com/"}
REQUESTING PAGE: GET / with {} and HTTP headers {}
REQUESTING PAGE: GET http://www.example.com/about with {} and HTTP headers {"HTTP_REFERER"=>"/"}
REQUESTING PAGE: GET http://www.example.com/help with {} and HTTP headers {"HTTP_REFERER"=>"http://www.example.com/about"}
REQUESTING PAGE: GET http://www.example.com/contact with {} and HTTP headers {"HTTP_REFERER"=>"http://www.example.com/help"}
REQUESTING PAGE: GET http://www.example.com/ with {} and HTTP headers {"HTTP_REFERER"=>"http://www.example.com/contact"}
REQUESTING PAGE: GET / with {} and HTTP headers {}
REQUESTING PAGE: GET http://www.example.com/about with {} and HTTP headers {"HTTP_REFERER"=>"/"}
REQUESTING PAGE: GET http://www.example.com/help with {} and HTTP headers {"HTTP_REFERER"=>"http://www.example.com/about"}
REQUESTING PAGE: GET http://www.example.com/contact with {} and HTTP headers {"HTTP_REFERER"=>"http://www.example.com/help"}
REQUESTING PAGE: GET http://www.example.com/ with {} and HTTP headers {"HTTP_REFERER"=>"http://www.example.com/contact"}
REQUESTING PAGE: GET / with {} and HTTP headers {}
REQUESTING PAGE: GET http://www.example.com/about with {} and HTTP headers {"HTTP_REFERER"=>"/"}
REQUESTING PAGE: GET http://www.example.com/help with {} and HTTP headers {"HTTP_REFERER"=>"http://www.example.com/about"}
REQUESTING PAGE: GET http://www.example.com/contact with {} and HTTP headers {"HTTP_REFERER"=>"http://www.example.com/help"}
REQUESTING PAGE: GET http://www.example.com/ with {} and HTTP headers {"HTTP_REFERER"=>"http://www.example.com/contact"}
REQUESTING PAGE: GET / with {} and HTTP headers {}
REQUESTING PAGE: GET http://www.example.com/about with {} and HTTP headers {"HTTP_REFERER"=>"/"}
REQUESTING PAGE: GET http://www.example.com/help with {} and HTTP headers {"HTTP_REFERER"=>"http://www.example.com/about"}
REQUESTING PAGE: GET http://www.example.com/contact with {} and HTTP headers {"HTTP_REFERER"=>"http://www.example.com/help"}
REQUESTING PAGE: GET http://www.example.com/ with {} and HTTP headers {"HTTP_REFERER"=>"http://www.example.com/contact"}
REQUESTING PAGE: GET / with {} and HTTP headers {}
REQUESTING PAGE: GET http://www.example.com/about with {} and HTTP headers {"HTTP_REFERER"=>"/"}
REQUESTING PAGE: GET http://www.example.com/help with {} and HTTP headers {"HTTP_REFERER"=>"http://www.example.com/about"}
REQUESTING PAGE: GET http://www.example.com/contact with {} and HTTP headers {"HTTP_REFERER"=>"http://www.example.com/help"}
REQUESTING PAGE: GET http://www.example.com/ with {} and HTTP headers {"HTTP_REFERER"=>"http://www.example.com/contact"}
REQUESTING PAGE: GET / with {} and HTTP headers {}
REQUESTING PAGE: GET http://www.example.com/about with {} and HTTP headers {"HTTP_REFERER"=>"/"}
REQUESTING PAGE: GET http://www.example.com/help with {} and HTTP headers {"HTTP_REFERER"=>"http://www.example.com/about"}
REQUESTING PAGE: GET http://www.example.com/contact with {} and HTTP headers {"HTTP_REFERER"=>"http://www.example.com/help"}
REQUESTING PAGE: GET http://www.example.com/ with {} and HTTP headers {"HTTP_REFERER"=>"http://www.example.com/contact"}
REQUESTING PAGE: GET http://www.example.com/signup with {} and HTTP headers {"HTTP_REFERER"=>"http://www.example.com/"}
REQUESTING PAGE: GET / with {} and HTTP headers {}
REQUESTING PAGE: GET http://www.example.com/about with {} and HTTP headers {"HTTP_REFERER"=>"/"}
REQUESTING PAGE: GET http://www.example.com/help with {} and HTTP headers {"HTTP_REFERER"=>"http://www.example.com/about"}
REQUESTING PAGE: GET http://www.example.com/contact with {} and HTTP headers {"HTTP_REFERER"=>"http://www.example.com/help"}
REQUESTING PAGE: GET http://www.example.com/ with {} and HTTP headers {"HTTP_REFERER"=>"http://www.example.com/contact"}
REQUESTING PAGE: GET http://www.example.com/signup with {} and HTTP headers {"HTTP_REFERER"=>"http://www.example.com/"}
